1 0.08
2 0.13
3 0.02
4 0.19
5 0.11
6 0.12
7 0.29
8 0.17
9 0.08
10 0.1
11 0.34
12 0.3
13 0.32
14 0.32
15 0.14
16 0.13
17 0.11
18 0.32
19 0.35
20 0.26
21 0.35
22 0.22
23 0.41
24 0.06
25 0.18
26 0.43
27 0.42
28 0.31
29 0.37
30 0.65
31 0.51
32 0.69
33 0.72
34 0.58
35 0.67
36 0.58
37 0.67
38 0.64
39 0.7
40 0.39
41 0.57
42 0.6
43 0.78
44 0.62
45 0.62
46 0.59
47 0.62
48 0.69
49 0.84
50 0.77
51 0.73
52 0.78
53 0.84
54 0.8
55 0.78
56 0.76
57 0.77
58 0.67
59 0.71
60 0.64
61 0.7
62 0.75
63 0.83
64 0.79
65 0.75
66 0.72
67 0.68
68 0.88
69 0.77
70 0.85
71 0.81
72 0.78
73 0.74
74 0.86
75 0.82
76 0.86
77 0.9
78 0.82
79 0.83
80 0.74
81 0.47
82 0.63
83 0.64
84 0.67
85 0.68
86 0.68
87 0.61
88 0.58
89 0.63
90 0.8
91 0.72
92 0.88
93 0.79
94 0.84
95 0.88
96 0.8
97 0.81
98 0.84
99 0.77
100 0.72
101 0.78
102 0.83
103 0.81
104 0.64
105 0.77
106 0.85
107 0.74
108 0.68
109 0.49
110 0.6
111 0.6
112 0.33
113 0.68
114 0.67
115 0.72
116 0.63
117 0.43
118 0.58
119 0.71
120 0.76
121 0.69
122 0.64
123 0.66
124 0.76
125 0.75
126 0.82
127 0.86
128 0.83
129 0.87
130 0.75
131 0.74
132 0.46
133 0.78
134 0.62
135 0.65
136 0.77
137 0.86
138 0.84
139 0.8
140 0.76
141 0.66
142 0.79
143 0.74
144 0.67
145 0.82
146 0.85
147 0.79
148 0.81
149 0.63
150 0.5
151 0.26
152 0.35
153 0.33
154 0.54
155 0.63
156 0.81
157 0.82
158 0.77
159 0.9
160 0.81
161 0.86
162 0.95
163 0.85
164 0.82
165 0.77
166 0.71
167 0.48
168 0.17
169 0.51
170 0.33
171 0.39
172 0.47
173 0.5
174 0.43
175 0.65
176 0.56
177 0.52
178 0.58
179 0.81
180 0.62
181 0.6
182 0.68
183 0.77
184 0.68
185 0.74
186 0.82
187 0.81
188 0.8
189 0.82
190 0.78
191 0.58
192 0.59
193 0.66
194 0.64
195 0.82
196 0.67
197 0.71
198 0.83
199 0.8
200 0.81
201 0.65
202 0.84
203 0.71
204 0.79
205 0.82
206 0.79
207 0.82
208 0.71
209 0.64
210 0.69
211 0.82
212 0.76
213 0.77
214 0.81
215 0.78
216 0.93
217 0.89
218 0.81
219 0.76
220 0.44
221 0.8
222 0.9
223 0.86
224 0.85
225 0.72
226 0.74
227 0.81
228 0.92
229 0.85
230 0.83
231 0.89
232 0.94
233 0.94
234 0.69
235 0.8
236 0.78
237 0.67
238 0.5
239 0.5
240 0.53
241 0.44
242 0.35
243 0.23
244 0.18
245 0.13
246 0.65
247 0.56
248 0.39
249 0.69
250 0.63
251 0.5
252 0.59
253 0.53
254 0.5
255 0.66
256 0.67
257 0.76
258 0.71
259 0.72
260 0.79
261 0.69
262 0.86
263 0.79
264 0.87
265 0.86
266 0.83
267 0.86
268 0.84
269 0.74
270 0.81
271 0.79
272 0.79
273 0.75
274 0.79
275 0.58
276 0.72
277 0.72
278 0.74
279 0.71
280 0.83
281 0.84
282 0.85
283 0.89
284 0.65
285 0.78
286 0.78
287 0.79
288 0.8
289 0.86
290 0.82
291 0.81
292 0.84
293 0.85
294 0.71
295 0.74
296 0.82
297 0.85
298 0.83
299 0.86
300 0.74
301 0.82
302 0.8
303 0.85
304 0.88
305 0.77
306 0.8
307 0.89
308 0.91
309 0.89
310 0.86
311 0.85
312 0.82
313 0.81
314 0.86
315 0.85
316 0.78
317 0.81
318 0.83
319 0.74
320 0.55
321 0.67
322 0.75
323 0.79
324 0.66
325 0.75
326 0.61
327 0.6
328 0.51
329 0.72
330 0.81
331 0.8
332 0.91
333 0.88
334 0.91
335 0.89
336 0.76
337 0.89
338 0.79
339 0.86
340 0.96
341 0.89
342 0.88
343 0.73
344 0.62
345 0.8
346 0.78
347 0.61
348 0.64
349 0.65
350 0.55
351 0.75
352 0.74
353 0.73
354 0.55
355 0.32
356 0.33
357 0.25
358 0.15
359 0.19
360 0.27
361 0.55
362 0.59
363 0.68
364 0.72
365 0.77
366 0.73
367 0.72
368 0.6
369 0.83
370 0.72
371 0.93
372 0.84
373 0.79
374 0.88
375 0.73
376 0.87
377 0.83
378 0.81
379 0.78
380 0.79
381 0.72
382 0.75
383 0.9
384 0.77
385 0.77
386 0.71
387 0.68
388 0.83
389 0.79
390 0.78
391 0.65
392 0.53
393 0.76
394 0.68
395 0.77
396 0.67
397 0.68
398 0.74
399 0.7
400 0.79
401 0.54
402 0.42
403 0.57
404 0.67
405 0.69
406 0.77
407 0.81
408 0.79
409 0.81
410 0.9
411 0.83
412 0.8
413 0.86
414 0.81
415 0.54
416 0.81
417 0.78
418 0.82
419 0.77
420 0.81
421 0.81
422 0.79
423 0.79
424 0.68
425 0.82
426 0.86
427 0.88
428 0.9
429 0.79
430 0.81
431 0.63
432 0.83
433 0.88
434 0.84
435 0.69
436 0.66
437 0.61
438 0.62
439 0.65
440 0.75
441 0.72
442 0.59
443 0.76
444 0.8
445 0.88
446 0.86
447 0.8
448 0.73
449 0.72
450 0.63
451 0.62
452 0.72
453 0.75
454 0.63
455 0.7
456 0.63
457 0.69
458 0.62
459 0.51
460 0.43
461 0.68
462 0.79
463 0.64
464 0.36
465 0.27
466 0.82
467 0.81
468 0.88
469 0.89
470 0.8
471 0.59
472 0.71
473 0.74
474 0.62
475 0.77
476 0.51
477 0.61
478 0.57
479 0.88
480 0.78
481 0.76
482 0.87
483 0.73
484 0.81
485 0.79
486 0.85
487 0.67
488 0.6
489 0.66
490 0.53
491 0.79
492 0.8
493 0.6
494 0.63
495 0.86
496 0.81
497 0.66
498 0.67
499 0.56
500 0.62
