1 0.36
2 0.67
3 0.79
4 0.9
5 0.84
6 0.9
7 0.89
8 0.85
9 0.86
10 0.77
11 0.73
12 0.89
13 0.9
14 0.89
15 0.89
16 0.92
17 0.94
18 0.84
19 0.78
20 0.84
21 0.88
22 0.94
23 0.93
24 0.92
25 0.89
26 0.88
27 0.86
28 0.82
29 0.87
30 0.83
31 0.8
32 0.76
33 0.74
34 0.92
35 0.91
36 0.92
37 0.93
38 0.89
39 0.86
40 0.94
41 0.91
42 0.96
43 0.96
44 0.94
45 0.91
46 0.89
47 0.89
48 0.88
49 0.91
50 0.91
51 0.88
52 0.91
53 0.89
54 0.84
55 0.77
56 0.8
57 0.93
58 0.87
59 0.85
60 0.89
61 0.85
62 0.91
63 0.87
64 0.87
65 0.85
66 0.71
67 0.83
68 0.93
69 0.92
70 0.91
71 0.91
72 0.85
73 0.93
74 0.93
75 0.9
76 0.81
77 0.92
78 0.94
79 0.94
80 0.91
81 0.91
82 0.89
83 0.9
84 0.95
85 0.9
86 0.9
87 0.95
88 0.89
89 0.9
90 0.9
91 0.94
92 0.9
93 0.92
94 0.92
95 0.93
96 0.82
97 0.92
98 0.91
99 0.91
100 0.91
101 0.96
102 0.9
103 0.91
104 0.89
105 0.89
106 0.94
107 0.91
108 0.93
109 0.93
110 0.94
111 0.89
112 0.85
113 0.87
114 0.82
115 0.86
116 0.94
117 0.86
118 0.94
119 0.83
120 0.86
121 0.9
122 0.79
123 0.87
124 0.84
125 0.85
126 0.87
127 0.92
128 0.9
129 0.83
130 0.86
131 0.88
132 0.91
133 0.9
134 0.94
135 0.87
136 0.84
137 0.82
138 0.82
139 0.91
140 0.94
141 0.9
142 0.95
143 0.92
144 0.89
145 0.93
146 0.92
147 0.87
148 0.93
149 0.88
150 0.89
151 0.89
152 0.82
153 0.89
154 0.89
155 0.92
156 0.93
157 0.84
158 0.9
159 0.98
160 0.91
161 0.94
162 0.94
163 0.94
164 0.97
165 0.92
166 0.89
167 0.92
168 0.9
169 0.9
170 0.92
171 0.91
172 0.9
173 0.87
174 0.94
175 0.92
176 0.92
177 0.95
178 0.94
179 0.92
180 0.9
181 0.93
182 0.88
183 0.89
184 0.88
185 0.9
186 0.94
187 0.96
188 0.92
189 0.92
190 0.92
191 0.9
192 0.9
193 0.82
194 0.89
195 0.88
196 0.9
197 0.96
198 0.91
199 0.88
200 0.85
201 0.86
202 0.83
203 0.84
204 0.88
205 0.87
206 0.87
207 0.8
208 0.79
209 0.8
210 0.79
211 0.82
212 0.84
213 0.88
214 0.91
215 0.92
216 0.98
217 0.91
218 0.95
219 0.9
220 0.89
221 0.92
222 0.91
223 0.91
224 0.81
225 0.68
226 0.82
227 0.88
228 0.85
229 0.85
230 0.87
231 0.86
232 0.89
233 0.85
234 0.88
235 0.93
236 0.91
237 0.94
238 0.89
239 0.97
240 0.91
241 0.9
242 0.88
243 0.82
244 0.85
245 0.9
246 0.94
247 0.91
248 0.9
249 0.94
250 0.89
251 0.88
252 0.96
253 0.89
254 0.89
255 0.94
256 0.91
257 0.89
258 0.85
259 0.89
260 0.93
261 0.93
262 0.9
263 0.88
264 0.88
265 0.89
266 0.86
267 0.92
268 0.91
269 0.79
270 0.89
271 0.86
272 0.82
273 0.91
274 0.86
275 0.83
276 0.77
277 0.81
278 0.87
279 0.77
280 0.85
281 0.95
282 0.91
283 0.97
284 0.91
285 0.92
286 0.97
287 0.86
288 0.86
289 0.84
290 0.75
291 0.82
292 0.88
293 0.92
294 0.93
295 0.89
296 0.91
297 0.91
298 0.91
299 0.92
300 0.91
301 0.9
302 0.83
303 0.9
304 0.89
305 0.89
306 0.89
307 0.9
308 0.94
309 0.96
310 0.94
311 0.95
312 0.91
313 0.92
314 0.91
315 0.93
316 0.93
317 0.88
318 0.9
319 0.85
320 0.92
321 0.89
322 0.9
323 0.9
324 0.9
325 0.94
326 0.9
327 0.95
328 0.9
329 0.95
330 0.9
331 0.91
332 0.91
333 0.89
334 0.93
335 0.87
336 0.9
337 0.89
338 0.91
339 0.94
340 0.92
341 0.88
342 0.86
343 0.89
344 0.92
345 0.9
346 0.88
347 0.94
348 0.94
349 0.89
350 0.93
351 0.96
352 0.93
353 0.91
354 0.89
355 0.9
356 0.89
357 0.92
358 0.86
359 0.85
360 0.88
361 0.85
362 0.84
363 0.9
364 0.87
365 0.93
366 0.89
367 0.92
368 0.84
369 0.91
370 0.95
371 0.86
372 0.91
373 0.87
374 0.7
375 0.74
376 0.88
377 0.9
378 0.75
379 0.83
380 0.91
381 0.91
382 0.89
383 0.89
384 0.93
385 0.9
386 0.92
387 0.92
388 0.89
389 0.94
390 0.91
391 0.96
392 0.94
393 0.84
394 0.93
395 0.92
396 0.76
397 0.88
398 0.9
399 0.84
400 0.91
401 0.92
402 0.91
403 0.91
404 0.86
405 0.9
406 0.88
407 0.86
408 0.87
409 0.92
410 0.94
411 0.89
412 0.84
413 0.77
414 0.73
415 0.69
416 0.81
417 0.83
418 0.86
419 0.89
420 0.9
421 0.94
422 0.92
423 0.9
424 0.85
425 0.9
426 0.91
427 0.95
428 0.87
429 0.91
430 0.89
431 0.93
432 0.88
433 0.93
434 0.88
435 0.92
436 0.91
437 0.88
438 0.88
439 0.93
440 0.93
441 0.97
442 0.86
443 0.9
444 0.83
445 0.8
446 0.88
447 0.87
448 0.9
449 0.9
450 0.94
451 0.89
452 0.84
453 0.92
454 0.94
455 0.95
456 0.93
457 0.87
458 0.92
459 0.88
460 0.87
461 0.91
462 0.92
463 0.91
464 0.9
465 0.97
466 0.9
467 0.91
468 0.89
469 0.94
470 0.94
471 0.95
472 0.92
473 0.88
474 0.92
475 0.85
476 0.95
477 0.92
478 0.93
479 0.89
480 0.9
481 0.92
482 0.96
483 0.88
484 0.87
485 0.88
486 0.78
487 0.91
488 0.89
489 0.96
490 0.9
491 0.93
492 0.9
493 0.89
494 0.92
495 0.85
496 0.93
497 0.91
498 0.96
499 0.93
500 0.88
501 0.82
502 0.77
503 0.88
504 0.94
505 0.88
506 0.93
507 0.9
508 0.92
509 0.93
510 0.96
511 0.88
512 0.88
513 0.88
514 0.96
515 0.94
516 0.95
517 0.98
518 0.89
519 0.94
520 0.88
521 0.95
522 0.96
523 0.91
524 0.85
525 0.88
526 0.88
527 0.93
528 0.93
529 0.85
530 0.87
531 0.93
532 0.87
533 0.88
534 0.88
535 0.91
536 0.91
537 0.92
538 0.92
539 0.88
540 0.95
541 0.92
542 0.89
543 0.87
544 0.92
545 0.9
546 0.88
547 0.85
548 0.95
549 0.94
550 0.84
551 0.9
552 0.91
553 0.9
554 0.9
555 0.86
556 0.96
557 0.83
558 0.88
559 0.86
560 0.88
561 0.91
562 0.88
563 0.92
564 0.93
565 0.92
566 0.95
567 0.94
568 0.94
569 0.93
570 0.91
571 0.94
572 0.92
573 0.84
574 0.9
575 0.88
576 0.86
577 0.91
578 0.87
579 0.91
580 0.84
581 0.85
582 0.84
583 0.83
584 0.93
585 0.9
586 0.87
587 0.87
588 0.93
589 0.93
590 0.9
591 0.92
592 0.89
593 0.88
594 0.89
595 0.94
596 0.95
597 0.91
598 0.9
599 0.88
600 0.86
601 0.88
602 0.93
603 0.91
604 0.91
605 0.94
606 0.82
607 0.91
608 0.82
609 0.92
610 0.95
611 0.91
612 0.9
613 0.85
614 0.91
615 0.82
616 0.94
617 0.77
618 0.84
619 0.76
620 0.86
621 0.95
622 0.93
623 0.94
624 0.89
625 0.92
626 0.96
627 0.88
628 0.94
629 0.91
630 0.85
631 0.91
632 0.95
633 0.91
634 0.89
635 0.9
636 0.9
637 0.89
638 0.94
639 0.93
640 0.93
641 0.94
642 0.98
643 0.89
644 0.9
645 0.77
646 0.94
647 0.91
648 0.91
649 0.91
650 0.88
651 0.89
652 0.87
653 0.86
654 0.85
655 0.93
656 0.86
657 0.93
658 0.92
659 0.95
660 0.91
661 0.94
662 0.96
663 0.88
664 0.87
665 0.92
666 0.9
667 0.88
668 0.91
669 0.96
670 0.9
671 0.8
672 0.85
673 0.86
674 0.92
675 0.96
676 0.92
677 0.91
678 0.89
679 0.91
680 0.84
681 0.87
682 0.86
683 0.93
684 0.95
685 0.93
686 0.94
687 0.84
688 0.89
689 0.92
690 0.94
691 0.93
692 0.97
693 0.92
694 0.91
695 0.94
696 0.89
697 0.92
698 0.91
699 0.94
700 0.93
701 0.91
702 0.89
703 0.94
704 0.91
705 0.92
706 0.85
707 0.85
708 0.9
709 0.91
710 0.91
711 0.8
712 0.79
713 0.89
714 0.94
715 0.93
716 0.9
717 0.9
718 0.93
719 0.94
720 0.86
721 0.93
722 0.86
723 0.94
724 0.95
725 0.91
726 0.9
727 0.92
728 0.91
729 0.9
730 0.88
731 0.92
732 0.89
733 0.93
734 0.87
735 0.86
736 0.94
737 0.92
738 0.85
739 0.88
740 0.91
741 0.96
742 0.92
743 0.86
744 0.95
745 0.89
746 0.88
747 0.94
748 0.86
749 0.91
750 0.9
751 0.9
752 0.94
753 0.92
754 0.9
755 0.85
756 0.84
757 0.85
758 0.78
759 0.86
760 0.8
761 0.84
762 0.86
763 0.88
764 0.73
765 0.85
766 0.83
767 0.83
768 0.9
769 0.97
770 0.84
771 0.87
772 0.89
773 0.91
774 0.95
775 0.89
776 0.88
777 0.9
778 0.89
779 0.83
780 0.87
781 0.85
782 0.82
783 0.83
784 0.87
785 0.95
786 0.87
787 0.85
788 0.92
789 0.92
790 0.87
791 0.83
792 0.82
793 0.8
794 0.75
795 0.71
796 0.76
797 0.87
798 0.92
799 0.9
800 0.88
801 0.85
802 0.84
803 0.88
804 0.85
805 0.78
806 0.76
807 0.76
808 0.85
809 0.76
810 0.82
811 0.85
812 0.82
813 0.88
814 0.85
815 0.8
816 0.86
817 0.9
818 0.82
819 0.94
820 0.86
821 0.86
822 0.91
823 0.91
824 0.87
825 0.93
826 0.87
827 0.93
828 0.91
829 0.87
830 0.88
831 0.91
832 0.87
833 0.91
834 0.89
835 0.91
836 0.85
837 0.87
838 0.84
839 0.79
840 0.97
841 0.87
842 0.94
843 0.93
844 0.92
845 0.8
846 0.83
847 0.88
848 0.88
849 0.89
850 0.98
851 0.96
852 0.91
853 0.95
854 0.88
855 0.91
856 0.97
857 0.92
858 0.94
859 0.96
860 0.89
861 0.97
862 0.9
863 0.88
864 0.96
865 0.9
866 0.91
867 0.93
868 0.91
869 0.96
870 0.85
871 0.94
872 0.86
873 0.94
874 0.86
875 0.94
876 0.92
877 0.82
878 0.85
879 0.93
880 0.84
881 0.91
882 0.92
883 0.9
884 0.94
885 0.81
886 0.89
887 0.91
888 0.93
889 0.92
890 0.92
891 0.87
892 0.88
893 0.94
894 0.91
895 0.87
896 0.93
897 0.89
898 0.91
899 0.88
900 0.9
901 0.91
902 0.87
903 0.94
904 0.87
905 0.92
906 0.82
907 0.89
908 0.92
909 0.87
910 0.91
911 0.96
912 0.95
913 0.9
914 0.87
915 0.84
916 0.92
917 0.87
918 0.81
919 0.86
920 0.87
921 0.91
922 0.95
923 0.94
924 0.89
925 0.93
926 0.92
927 0.93
928 0.9
929 0.9
930 0.92
931 0.87
932 0.95
933 0.9
934 0.91
935 0.88
936 0.87
937 0.92
938 0.83
939 0.92
940 0.87
941 0.85
942 0.9
943 0.96
944 0.9
945 0.89
946 0.94
947 0.94
948 0.91
949 0.91
950 0.95
951 0.96
952 0.85
953 0.84
954 0.91
955 0.89
956 0.91
957 0.94
958 0.9
959 0.89
960 0.93
961 0.93
962 0.9
963 0.96
964 0.96
965 0.84
966 0.85
967 0.9
968 0.92
969 0.87
970 0.9
971 0.96
972 0.94
973 0.93
974 0.95
975 0.88
976 0.92
977 0.92
978 0.88
979 0.92
980 0.89
981 0.85
982 0.84
983 0.91
984 0.87
985 0.93
986 0.95
987 0.89
988 0.93
989 0.92
990 0.9
991 0.87
992 0.91
993 0.91
994 0.94
995 0.92
996 0.95
997 0.89
998 0.92
999 0.91
1000 0.83
1001 0.93
1002 0.87
1 0.13
2 0.32
3 0.36
4 0.29
5 0.19
6 0.22
7 0.15
8 0.33
9 0.25
10 0.17
11 0.26
12 0.14
13 0.19
14 0.13
15 0.13
16 0.12
17 0.15
18 0.2
19 0.2
20 0.16
21 0.06
22 0.03
23 0.07
24 0.08
25 0.03
26 0.08
27 0.08
28 0.12
29 0.04
30 0.05
31 0.13
32 0.29
33 0.23
34 0.28
35 0.29
36 0.27
37 0.2
38 0.29
39 0.25
40 0.19
41 0.17
42 0.24
43 0.31
44 0.37
45 0.17
46 0.3
47 0.35
48 0.32
49 0.25
50 0.3
51 0.31
52 0.25
53 0.25
54 0.12
55 0.07
56 0.11
57 0.14
58 0.18
59 0.19
60 0.1
61 0.05
62 0.08
63 0.15
64 0.04
65 0.04
66 0.02
67 0.02
68 0.07
69 0.07
70 0.07
71 0.06
72 0.1
73 0.15
74 0.22
75 0.18
76 0.17
77 0.32
78 0.28
79 0.19
80 0.23
81 0.21
82 0.29
83 0.22
84 0.22
85 0.21
86 0.3
87 0.2
88 0.08
89 0.22
90 0.27
91 0.28
92 0.27
93 0.34
94 0.5
95 0.39
96 0.47
97 0.44
98 0.37
99 0.52
100 0.49
101 0.5
102 0.44
103 0.47
104 0.48
105 0.43
106 0.44
107 0.43
108 0.46
109 0.26
110 0.25
111 0.37
112 0.32
113 0.24
114 0.33
115 0.39
116 0.34
117 0.37
118 0.32
119 0.32
120 0.37
121 0.35
122 0.34
123 0.26
124 0.29
125 0.3
126 0.36
127 0.38
128 0.4
129 0.43
130 0.36
131 0.52
132 0.45
133 0.32
134 0.29
135 0.26
136 0.22
137 0.26
138 0.31
139 0.28
140 0.13
141 0.06
142 0.12
143 0.09
144 0.09
145 0.11
146 0.12
147 0.14
148 0.15
149 0.08
150 0.18
151 0.22
152 0.08
153 0.14
154 0.19
155 0.28
156 0.15
157 0.21
158 0.12
159 0.03
160 0.01
161 0.09
162 0.02
163 0.01
164 0.08
165 0.12
166 0.2
167 0.21
168 0.11
169 0.12
170 0.14
171 0.12
172 0.18
173 0.15
174 0.34
175 0.39
176 0.34
177 0.34
178 0.33
179 0.35
180 0.54
181 0.35
182 0.2
183 0.24
184 0.29
185 0.22
186 0.34
187 0.39
188 0.32
189 0.46
190 0.44
191 0.31
192 0.23
193 0.37
194 0.42
195 0.45
196 0.28
197 0.41
198 0.27
199 0.48
200 0.41
201 0.42
202 0.36
203 0.41
204 0.42
205 0.49
206 0.36
207 0.39
208 0.57
209 0.28
210 0.31
211 0.27
212 0.3
213 0.28
214 0.25
215 0.28
216 0.29
217 0.23
218 0.28
219 0.36
220 0.34
221 0.22
222 0.32
223 0.27
224 0.2
225 0.19
226 0.23
227 0.09
228 0.13
229 0.15
230 0.15
231 0.28
232 0.21
233 0.2
234 0.42
235 0.5
236 0.53
237 0.42
238 0.45
239 0.46
240 0.19
241 0.31
242 0.22
243 0.22
244 0.24
245 0.14
246 0.14
247 0.13
248 0.16
249 0.07
250 0.12
251 0.21
252 0.15
253 0.41
254 0.52
255 0.29
256 0.23
257 0.23
258 0.11
259 0.16
260 0.03
261 0.11
262 0.08
263 0.24
264 0.21
265 0.24
266 0.33
267 0.35
268 0.38
269 0.46
270 0.34
271 0.32
272 0.47
273 0.41
274 0.44
275 0.43
276 0.44
277 0.56
278 0.41
279 0.47
280 0.38
281 0.32
282 0.14
283 0.22
284 0.26
285 0.15
286 0.42
287 0.18
288 0.26
289 0.37
290 0.28
291 0.22
292 0.08
293 0.09
294 0.13
295 0.11
296 0.08
297 0.05
298 0.03
299 0.04
300 0.05
301 0.04
302 0.06
303 0.03
304 0.06
305 0.01
306 0.02
307 0.06
308 0.17
309 0.18
310 0.16
311 0.29
312 0.13
313 0.19
314 0.06
315 0.05
316 0.08
317 0.25
318 0.32
319 0.36
320 0.3
321 0.4
322 0.35
323 0.36
324 0.38
325 0.36
326 0.41
327 0.45
328 0.31
329 0.47
330 0.37
331 0.33
332 0.38
333 0.43
334 0.49
335 0.31
336 0.23
337 0.17
338 0.25
339 0.33
340 0.41
341 0.37
342 0.38
343 0.29
344 0.26
345 0.21
346 0.31
347 0.26
348 0.3
349 0.47
350 0.46
351 0.29
352 0.29
353 0.21
354 0.2
355 0.19
356 0.13
357 0.04
358 0.12
359 0.32
360 0.33
361 0.24
362 0.28
363 0.27
364 0.36
365 0.3
366 0.23
367 0.03
368 0.07
369 0.17
370 0.27
371 0.21
372 0.17
373 0.39
374 0.35
375 0.41
376 0.27
377 0.12
378 0.13
379 0.46
380 0.38
381 0.4
382 0.43
383 0.2
384 0.29
385 0.21
386 0.31
387 0.31
388 0.25
389 0.32
390 0.14
391 0.18
392 0.21
393 0.25
394 0.17
395 0.19
396 0.2
397 0.5
398 0.37
399 0.43
400 0.44
401 0.41
402 0.37
403 0.34
404 0.39
405 0.32
406 0.41
407 0.25
408 0.11
409 0.13
410 0.17
411 0.24
412 0.2
413 0.23
414 0.2
415 0.2
416 0.23
417 0.43
418 0.38
419 0.33
420 0.28
421 0.23
422 0.25
423 0.13
424 0.27
425 0.17
426 0.2
427 0.33
428 0.25
429 0.38
430 0.26
431 0.38
432 0.38
433 0.48
434 0.42
435 0.47
436 0.41
437 0.38
438 0.45
439 0.45
440 0.42
441 0.41
442 0.39
443 0.43
444 0.52
445 0.45
446 0.33
447 0.38
448 0.36
449 0.41
450 0.46
451 0.45
452 0.29
453 0.45
454 0.25
455 0.35
456 0.37
457 0.41
458 0.45
459 0.27
460 0.21
461 0.36
462 0.37
463 0.2
464 0.23
465 0.19
466 0.28
467 0.22
468 0.21
469 0.18
470 0.2
471 0.45
472 0.43
473 0.33
474 0.28
475 0.31
476 0.33
477 0.41
478 0.24
479 0.35
480 0.42
481 0.29
482 0.35
483 0.38
484 0.39
485 0.35
486 0.43
487 0.32
488 0.34
489 0.35
490 0.42
491 0.38
492 0.52
493 0.41
494 0.31
495 0.27
496 0.24
497 0.36
498 0.36
499 0.22
500 0.34
501 0.24
502 0.37
503 0.32
504 0.31
505 0.35
506 0.3
507 0.26
508 0.23
509 0.31
510 0.33
511 0.34
512 0.32
513 0.13
514 0.16
515 0.27
516 0.35
517 0.43
518 0.47
519 0.39
520 0.44
521 0.3
522 0.4
523 0.51
524 0.42
525 0.41
526 0.52
527 0.39
528 0.41
529 0.34
530 0.33
531 0.36
532 0.32
533 0.38
534 0.4
535 0.41
536 0.36
537 0.41
538 0.3
539 0.39
540 0.27
541 0.21
542 0.33
543 0.36
544 0.48
545 0.22
546 0.33
547 0.37
548 0.38
549 0.31
550 0.34
551 0.31
552 0.35
553 0.3
554 0.39
555 0.39
556 0.4
557 0.28
558 0.35
559 0.4
560 0.35
561 0.34
562 0.31
563 0.2
564 0.22
565 0.17
566 0.21
567 0.16
568 0.2
569 0.24
570 0.23
571 0.2
572 0.11
573 0.32
574 0.23
575 0.2
576 0.17
577 0.14
578 0.09
579 0.24
580 0.33
581 0.24
582 0.23
583 0.37
584 0.24
585 0.22
586 0.36
587 0.34
588 0.29
589 0.28
590 0.26
591 0.35
592 0.34
593 0.35
594 0.32
595 0.25
596 0.28
597 0.21
598 0.29
599 0.33
600 0.25
601 0.25
602 0.15
603 0.3
604 0.31
605 0.39
606 0.35
607 0.51
608 0.47
609 0.42
610 0.31
611 0.27
612 0.34
613 0.48
614 0.24
615 0.41
616 0.09
617 0.26
618 0.29
619 0.5
620 0.39
621 0.43
622 0.44
623 0.29
624 0.14
625 0.24
626 0.36
627 0.41
628 0.21
629 0.2
630 0.27
631 0.29
632 0.3
633 0.29
634 0.25
635 0.26
636 0.24
637 0.31
638 0.25
639 0.26
640 0.24
641 0.13
642 0.32
643 0.25
644 0.32
645 0.32
646 0.25
647 0.26
648 0.24
649 0.22
650 0.21
651 0.2
652 0.16
653 0.07
654 0.07
655 0.05
656 0.04
657 0.1
658 0.24
659 0.38
660 0.22
661 0.2
662 0.26
663 0.19
664 0.06
665 0.14
666 0.15
667 0.14
668 0.08
669 0.15
670 0.23
671 0.23
672 0.19
673 0.12
674 0.06
675 0.07
676 0.15
677 0.1
678 0.1
679 0.16
680 0.16
681 0.23
682 0.26
683 0.11
684 0.14
685 0.14
686 0.11
687 0.09
688 0.07
689 0.09
690 0.09
691 0.05
692 0.07
693 0.08
694 0.15
695 0.18
696 0.14
697 0.06
698 0.03
699 0.16
700 0.12
701 0.18
702 0.24
703 0.33
704 0.14
705 0.32
706 0.39
707 0.33
708 0.46
709 0.46
710 0.31
711 0.34
712 0.37
713 0.23
714 0.25
715 0.19
716 0.14
717 0.05
718 0.06
719 0.1
720 0.06
721 0.1
722 0.22
723 0.31
724 0.33
725 0.09
726 0.06
727 0.18
728 0.19
729 0.34
730 0.27
731 0.33
732 0.28
733 0.43
734 0.32
735 0.31
736 0.29
737 0.34
738 0.3
739 0.41
740 0.26
741 0.36
742 0.36
743 0.16
744 0.15
745 0.2
746 0.19
747 0.23
748 0.44
749 0.21
750 0.27
751 0.26
752 0.26
753 0.26
754 0.19
755 0.45
756 0.43
757 0.4
758 0.37
759 0.52
760 0.36
761 0.3
762 0.49
763 0.5
764 0.43
765 0.36
766 0.32
767 0.41
768 0.39
769 0.43
770 0.52
771 0.46
772 0.58
773 0.37
774 0.27
775 0.47
776 0.45
777 0.36
778 0.41
779 0.27
780 0.24
781 0.29
782 0.35
783 0.41
784 0.4
785 0.52
786 0.47
787 0.38
788 0.41
789 0.35
790 0.39
791 0.53
792 0.5
793 0.42
794 0.3
795 0.31
796 0.39
797 0.19
798 0.48
799 0.29
800 0.33
801 0.38
802 0.34
803 0.3
804 0.05
805 0.2
806 0.13
807 0.12
808 0.3
809 0.18
810 0.09
811 0.23
812 0.3
813 0.21
814 0.38
815 0.22
816 0.28
817 0.25
818 0.33
819 0.27
820 0.19
821 0.13
822 0.23
823 0.15
824 0.29
825 0.43
826 0.34
827 0.36
828 0.42
829 0.45
830 0.57
831 0.38
832 0.31
833 0.34
834 0.33
835 0.32
836 0.45
837 0.41
838 0.32
839 0.36
840 0.17
841 0.22
842 0.21
843 0.33
844 0.3
845 0.43
846 0.27
847 0.3
848 0.28
849 0.44
850 0.43
851 0.49
852 0.51
853 0.3
854 0.31
855 0.18
856 0.37
857 0.44
858 0.35
859 0.35
860 0.21
861 0.38
862 0.35
863 0.2
864 0.21
865 0.24
866 0.17
867 0.22
868 0.2
869 0.22
870 0.24
871 0.18
872 0.22
873 0.24
874 0.24
875 0.28
876 0.33
877 0.3
878 0.31
879 0.41
880 0.28
881 0.25
882 0.3
883 0.46
884 0.31
885 0.56
886 0.34
887 0.13
888 0.15
889 0.24
890 0.19
891 0.25
892 0.22
893 0.23
894 0.18
895 0.31
896 0.21
897 0.41
898 0.52
899 0.47
900 0.4
901 0.49
902 0.41
903 0.42
904 0.49
905 0.17
906 0.17
907 0.2
908 0.33
909 0.32
910 0.17
911 0.17
912 0.32
913 0.2
914 0.27
915 0.29
916 0.28
917 0.44
918 0.26
919 0.31
920 0.42
921 0.5
922 0.41
923 0.36
924 0.29
925 0.4
926 0.36
927 0.18
928 0.42
929 0.39
930 0.27
931 0.09
932 0.01
933 0.0
934 0.02
935 0.01
936 0.1
937 0.22
938 0.17
939 0.2
940 0.17
941 0.22
942 0.15
943 0.06
944 0.11
945 0.13
946 0.16
947 0.19
948 0.21
949 0.15
950 0.25
951 0.25
952 0.2
953 0.3
954 0.2
955 0.23
956 0.25
957 0.23
958 0.3
959 0.25
960 0.31
961 0.27
962 0.22
963 0.42
964 0.37
965 0.27
966 0.28
967 0.3
968 0.32
969 0.29
970 0.27
971 0.37
972 0.42
973 0.29
974 0.28
975 0.19
976 0.24
977 0.23
978 0.22
979 0.15
980 0.37
981 0.4
982 0.24
983 0.25
984 0.38
985 0.37
986 0.38
987 0.46
988 0.21
989 0.13
990 0.29
991 0.29
992 0.28
993 0.24
994 0.27
995 0.35
996 0.35
997 0.08
998 0.16
999 0.32
1000 0.28
