1 0.09
2 0.03
3 0.07
4 0.02
5 0.03
6 0.08
7 0.03
8 0.07
9 0.04
10 0.03
11 0.07
12 0.06
13 0.03
14 0.07
15 0.03
16 0.03
17 0.05
18 0.04
19 0.05
20 0.06
21 0.05
22 0.06
23 0.01
24 0.06
25 0.08
26 0.04
27 0.03
28 0.08
29 0.03
30 0.06
31 0.07
32 0.05
33 0.03
34 0.03
35 0.08
36 0.04
37 0.02
38 0.06
39 0.06
40 0.05
41 0.06
42 0.12
43 0.03
44 0.02
45 0.06
46 0.06
47 0.01
48 0.05
49 0.05
50 0.06
51 0.03
52 0.03
53 0.06
54 0.05
55 0.05
56 0.01
57 0.05
58 0.04
59 0.02
60 0.02
61 0.03
62 0.07
63 0.05
64 0.03
65 0.01
66 0.04
67 0.06
68 0.04
69 0.04
70 0.0
71 0.01
72 0.03
73 0.04
74 0.06
75 0.06
76 0.07
77 0.01
78 0.01
79 0.05
80 0.03
81 0.07
82 0.04
83 0.02
84 0.04
85 0.04
86 0.08
87 0.04
88 0.08
89 0.05
90 0.07
91 0.06
92 0.05
93 0.03
94 0.05
95 0.02
96 0.05
97 0.06
98 0.08
99 0.05
100 0.03
101 0.04
102 0.07
103 0.08
104 0.03
105 0.03
106 0.03
107 0.08
108 0.07
109 0.06
110 0.05
111 0.06
112 0.05
113 0.06
114 0.07
115 0.03
116 0.07
117 0.07
118 0.02
119 0.06
120 0.04
121 0.05
122 0.04
123 0.09
124 0.02
125 0.08
126 0.08
127 0.04
128 0.07
129 0.05
130 0.03
131 0.04
132 0.04
133 0.04
134 0.0
135 0.04
136 0.07
137 0.04
138 0.03
139 0.01
140 0.06
141 0.08
142 0.05
143 0.08
144 0.04
145 0.04
146 0.07
147 0.05
148 0.06
149 0.06
150 0.02
151 0.08
152 0.02
153 0.12
154 0.06
155 0.03
156 0.04
157 0.06
158 0.05
159 0.07
160 0.04
161 0.04
162 0.03
163 0.06
164 0.07
165 0.07
166 0.02
167 0.03
168 0.04
169 0.03
170 0.05
171 0.06
172 0.05
173 0.04
174 0.04
175 0.06
176 0.07
177 0.05
178 0.02
179 0.08
180 0.08
181 0.07
182 0.04
183 0.05
184 0.06
185 0.08
186 0.06
187 0.05
188 0.03
189 0.06
190 0.05
191 0.05
192 0.04
193 0.07
194 0.06
195 0.04
196 0.07
197 0.07
198 0.06
199 0.06
200 0.05
201 0.05
202 0.09
203 0.05
204 0.04
205 0.07
206 0.04
207 0.01
208 0.04
209 0.08
210 0.07
211 0.04
212 0.03
213 0.07
214 0.04
215 0.1
216 0.09
217 0.02
218 0.03
219 0.08
220 0.04
221 0.04
222 0.05
223 0.11
224 0.04
225 0.05
226 0.04
227 0.06
228 0.05
229 0.05
230 0.03
231 0.05
232 0.04
233 0.08
234 0.07
235 0.06
236 0.07
237 0.03
238 0.05
239 0.03
240 0.03
241 0.06
242 0.03
243 0.03
244 0.11
245 0.04
246 0.05
247 0.04
248 0.0
249 0.04
250 0.06
251 0.05
252 0.03
253 0.05
254 0.05
255 0.07
256 0.09
257 0.02
258 0.09
259 0.05
260 0.09
261 0.05
262 0.07
263 0.07
264 0.05
265 0.04
266 0.07
267 0.05
268 0.01
269 0.06
270 0.05
271 0.07
272 0.03
273 0.07
274 0.08
275 0.03
276 0.07
277 0.04
278 0.03
279 0.02
280 0.04
281 0.08
282 0.03
283 0.05
284 0.01
285 0.05
286 0.03
287 0.05
288 0.08
289 0.04
290 0.01
291 0.05
292 0.06
293 0.04
294 0.05
295 0.06
296 0.04
297 0.04
298 0.07
299 0.04
300 0.01
301 0.05
302 0.06
303 0.04
304 0.02
305 0.01
306 0.06
307 0.03
308 0.0
309 0.06
310 0.0
311 0.06
312 0.04
313 0.06
314 0.06
315 0.03
316 0.01
317 0.03
318 0.04
319 0.08
320 0.04
321 0.07
322 0.05
323 0.01
324 0.07
325 0.02
326 0.02
327 0.05
328 0.06
329 0.07
330 0.0
331 0.05
332 0.02
333 0.03
334 0.04
335 0.04
336 0.05
337 0.03
338 0.03
339 0.03
340 0.05
341 0.03
342 0.09
343 0.06
344 0.02
345 0.07
346 0.05
347 0.02
348 0.1
349 0.07
350 0.02
351 0.06
352 0.02
353 0.03
354 0.02
355 0.05
356 0.04
357 0.08
358 0.04
359 0.07
360 0.04
361 0.03
362 0.04
363 0.05
364 0.02
365 0.06
366 0.03
367 0.04
368 0.04
369 0.04
370 0.07
371 0.07
372 0.02
373 0.04
374 0.05
375 0.02
376 0.04
377 0.04
378 0.03
379 0.05
380 0.04
381 0.04
382 0.05
383 0.02
384 0.08
385 0.05
386 0.04
387 0.07
388 0.07
389 0.06
390 0.07
391 0.06
392 0.05
393 0.05
394 0.02
395 0.03
396 0.01
397 0.04
398 0.11
399 0.02
400 0.05
401 0.07
402 0.03
403 0.03
404 0.03
405 0.07
406 0.08
407 0.04
408 0.06
409 0.03
410 0.03
411 0.08
412 0.07
413 0.04
414 0.04
415 0.07
416 0.05
417 0.03
418 0.04
419 0.05
420 0.05
421 0.08
422 0.04
423 0.1
424 0.04
425 0.05
426 0.08
427 0.02
428 0.07
429 0.07
430 0.05
431 0.05
432 0.06
433 0.03
434 0.03
435 0.06
436 0.06
437 0.07
438 0.04
439 0.02
440 0.06
441 0.03
442 0.07
443 0.04
444 0.03
445 0.03
446 0.08
447 0.08
448 0.1
449 0.05
450 0.04
451 0.07
452 0.02
453 0.08
454 0.03
455 0.04
456 0.03
457 0.02
458 0.09
459 0.04
460 0.01
461 0.04
462 0.02
463 0.07
464 0.03
465 0.06
466 0.03
467 0.04
468 0.08
469 0.08
470 0.04
471 0.04
472 0.08
473 0.07
474 0.05
475 0.04
476 0.06
477 0.05
478 0.04
479 0.05
480 0.04
481 0.03
482 0.06
483 0.02
484 0.1
485 0.08
486 0.04
487 0.07
488 0.05
489 0.04
490 0.05
491 0.05
492 0.05
493 0.05
494 0.03
495 0.07
496 0.0
497 0.04
498 0.07
499 0.04
500 0.09
