1 0.34
2 0.72
3 0.81
4 0.78
5 0.82
6 0.77
7 0.77
8 0.9
9 0.68
10 0.92
11 0.84
12 0.73
13 0.86
14 0.87
15 0.88
16 0.93
17 0.84
18 0.88
19 0.87
20 0.95
21 0.93
22 0.88
23 0.95
24 0.85
25 0.88
26 0.92
27 0.93
28 0.92
29 0.86
30 0.92
31 0.89
32 0.78
33 0.94
34 0.94
35 0.88
36 0.86
37 0.96
38 0.95
39 0.91
40 0.84
41 0.8
42 0.84
43 0.9
44 0.89
45 0.91
46 0.9
47 0.83
48 0.9
49 0.87
50 0.93
51 0.98
52 0.88
53 0.85
54 0.88
55 0.92
56 0.9
57 0.85
58 0.97
59 0.8
60 0.9
61 0.91
62 0.95
63 0.93
64 0.92
65 0.95
66 0.95
67 0.87
68 0.94
69 0.85
70 0.87
71 0.93
72 0.96
73 0.83
74 0.82
75 0.89
76 0.92
77 0.94
78 0.91
79 0.91
80 0.85
81 0.86
82 0.87
83 0.83
84 0.92
85 0.88
86 0.84
87 0.96
88 0.92
89 0.92
90 0.94
91 0.92
92 0.94
93 0.92
94 0.92
95 0.9
96 0.93
97 0.94
98 0.91
99 0.88
100 0.95
101 0.91
102 0.95
103 0.89
104 0.94
105 0.91
106 0.91
107 0.93
108 0.93
109 0.96
110 0.89
111 0.93
112 0.93
113 0.9
114 0.87
115 0.87
116 0.85
117 0.88
118 0.81
119 0.91
120 0.88
121 0.9
122 0.89
123 0.91
124 0.86
125 0.89
126 0.94
127 0.94
128 0.89
129 0.86
130 0.88
131 0.94
132 0.91
133 0.88
134 0.94
135 0.93
136 0.89
137 0.87
138 0.88
139 0.92
140 0.86
141 0.83
142 0.86
143 0.95
144 0.95
145 0.9
146 0.9
147 0.89
148 0.95
149 0.88
150 0.8
151 0.89
152 0.91
153 0.9
154 0.86
155 0.96
156 0.79
157 0.88
158 0.85
159 0.82
160 0.9
161 0.98
162 0.97
163 0.94
164 0.85
165 0.8
166 0.83
167 0.75
168 0.85
169 0.85
170 0.74
171 0.84
172 0.87
173 0.88
174 0.88
175 0.88
176 0.78
177 0.92
178 0.9
179 0.9
180 0.93
181 0.89
182 0.91
183 0.88
184 0.86
185 0.87
186 0.95
187 0.89
188 0.88
189 0.93
190 0.93
191 0.94
192 0.94
193 0.9
194 0.94
195 0.94
196 0.93
197 0.81
198 0.86
199 0.9
200 0.94
201 0.95
202 0.96
203 0.9
204 0.95
205 0.95
206 0.9
207 0.91
208 0.89
209 0.91
210 0.9
211 0.89
212 0.81
213 0.89
214 0.91
215 0.94
216 0.89
217 0.88
218 0.89
219 0.91
220 0.91
221 0.88
222 0.87
223 0.93
224 0.89
225 0.95
226 0.94
227 0.9
228 0.96
229 0.94
230 0.89
231 0.93
232 0.96
233 0.91
234 0.9
235 0.9
236 0.96
237 0.88
238 0.89
239 0.95
240 0.92
241 0.96
242 0.9
243 0.82
244 0.89
245 0.94
246 0.87
247 0.91
248 0.87
249 0.93
250 0.93
251 0.88
252 0.92
253 0.88
254 0.87
255 0.9
256 0.92
257 0.98
258 0.93
259 0.92
260 0.96
261 0.9
262 0.92
263 0.9
264 0.91
265 0.91
266 0.95
267 0.89
268 0.91
269 0.86
270 0.94
271 0.91
272 0.91
273 0.91
274 0.9
275 0.9
276 0.89
277 0.95
278 0.94
279 0.87
280 0.94
281 0.89
282 0.94
283 0.93
284 0.96
285 0.94
286 0.83
287 0.87
288 0.87
289 0.88
290 0.94
291 0.95
292 0.92
293 0.99
294 0.9
295 0.9
296 0.87
297 0.94
298 0.92
299 0.96
300 0.94
301 0.95
302 0.93
303 0.86
304 0.88
305 0.93
306 0.93
307 0.93
308 0.83
309 0.88
310 0.93
311 0.91
312 0.95
313 0.85
314 0.89
315 0.88
316 0.93
317 0.97
318 0.97
319 0.88
320 0.93
321 0.92
322 0.95
323 0.89
324 0.94
325 0.9
326 0.88
327 0.93
328 0.84
329 0.85
330 0.86
331 0.81
332 0.88
333 0.95
334 0.9
335 0.69
336 0.77
337 0.89
338 0.93
339 0.95
340 0.91
341 0.86
342 0.84
343 0.87
344 0.83
345 0.85
346 0.95
347 0.9
348 0.89
349 0.89
350 0.91
351 0.9
352 0.95
353 0.87
354 0.87
355 0.9
356 0.93
357 0.91
358 0.92
359 0.88
360 0.97
361 0.86
362 0.92
363 0.91
364 0.96
365 0.91
366 0.9
367 0.92
368 0.92
369 0.89
370 0.92
371 0.87
372 0.88
373 0.96
374 0.93
375 0.92
376 0.95
377 0.9
378 0.93
379 0.92
380 0.89
381 0.88
382 0.91
383 0.92
384 0.9
385 0.92
386 0.93
387 0.85
388 0.94
389 0.96
390 0.97
391 0.95
392 0.88
393 0.91
394 0.95
395 0.88
396 0.86
397 0.78
398 0.93
399 0.87
400 0.95
401 0.9
402 0.95
403 0.83
404 0.83
405 0.91
406 0.89
407 0.94
408 0.92
409 0.94
410 0.94
411 0.92
412 0.88
413 0.91
414 0.85
415 0.95
416 0.97
417 0.93
418 0.94
419 0.94
420 0.94
421 0.91
422 0.87
423 0.94
424 0.92
425 0.79
426 0.87
427 0.92
428 0.87
429 0.98
430 0.94
431 0.85
432 0.79
433 0.88
434 0.93
435 0.87
436 0.88
437 0.94
438 0.86
439 0.91
440 0.88
441 0.89
442 0.91
443 0.93
444 0.92
445 0.97
446 0.92
447 0.94
448 0.93
449 0.88
450 0.91
451 0.93
452 0.96
453 0.9
454 0.92
455 0.91
456 0.82
457 0.83
458 0.84
459 0.91
460 0.93
461 0.87
462 0.9
463 0.91
464 0.93
465 0.94
466 0.94
467 0.92
468 0.9
469 0.93
470 0.91
471 0.93
472 0.91
473 0.9
474 0.9
475 0.9
476 0.89
477 0.91
478 0.87
479 0.91
480 0.92
481 0.88
482 0.9
483 0.9
484 0.85
485 0.88
486 0.95
487 0.87
488 0.93
489 0.96
490 0.9
491 0.91
492 0.9
493 0.93
494 0.93
495 0.92
496 0.88
497 0.89
498 0.87
499 0.92
500 0.92
501 0.89
