1 0.65
2 0.6
3 0.63
4 0.71
5 0.87
6 0.72
7 0.6
8 0.68
9 0.7
10 0.75
11 0.65
12 0.7
13 0.79
14 0.87
15 0.76
16 0.72
17 0.82
18 0.83
19 0.71
20 0.67
21 0.83
22 0.8
23 0.73
24 0.75
25 0.58
26 0.81
27 0.73
28 0.88
29 0.62
30 0.74
31 0.65
32 0.74
33 0.72
34 0.68
35 0.73
36 0.69
37 0.56
38 0.68
39 0.69
40 0.71
41 0.74
42 0.8
43 0.71
44 0.75
45 0.65
46 0.74
47 0.68
48 0.75
49 0.62
50 0.7
51 0.76
52 0.66
53 0.77
54 0.87
55 0.81
56 0.68
57 0.67
58 0.7
59 0.63
60 0.76
61 0.7
62 0.88
63 0.61
64 0.7
65 0.87
66 0.79
67 0.78
68 0.74
69 0.84
70 0.81
71 0.88
72 0.7
73 0.6
74 0.75
75 0.82
76 0.85
77 0.74
78 0.76
79 0.78
80 0.83
81 0.72
82 0.75
83 0.82
84 0.76
85 0.88
86 0.66
87 0.59
88 0.65
89 0.8
90 0.83
91 0.78
92 0.74
93 0.74
94 0.77
95 0.8
96 0.69
97 0.73
98 0.85
99 0.71
100 0.75
101 0.85
102 0.8
103 0.82
104 0.61
105 0.81
106 0.76
107 0.8
108 0.77
109 0.63
110 0.45
111 0.63
112 0.87
113 0.84
114 0.78
115 0.82
116 0.6
117 0.82
118 0.78
119 0.76
120 0.92
121 0.77
122 0.68
123 0.75
124 0.9
125 0.69
126 0.74
127 0.78
128 0.81
129 0.62
130 0.59
131 0.73
132 0.77
133 0.71
134 0.67
135 0.81
136 0.67
137 0.68
138 0.7
139 0.86
140 0.85
141 0.69
142 0.66
143 0.76
144 0.75
145 0.72
146 0.63
147 0.61
148 0.68
149 0.7
150 0.78
151 0.79
152 0.62
153 0.78
154 0.75
155 0.64
156 0.73
157 0.72
158 0.68
159 0.82
160 0.67
161 0.68
162 0.78
163 0.8
164 0.77
165 0.66
166 0.73
167 0.84
168 0.76
169 0.7
170 0.74
171 0.68
172 0.76
173 0.78
174 0.83
175 0.77
176 0.64
177 0.7
178 0.68
179 0.85
180 0.82
181 0.78
182 0.79
183 0.69
184 0.78
185 0.78
186 0.69
187 0.64
188 0.78
189 0.74
190 0.73
191 0.66
192 0.77
193 0.69
194 0.8
195 0.54
196 0.52
197 0.7
198 0.78
199 0.84
200 0.66
201 0.61
202 0.72
203 0.82
204 0.87
205 0.85
206 0.81
207 0.75
208 0.8
209 0.76
210 0.75
211 0.79
212 0.83
213 0.74
214 0.75
215 0.77
216 0.79
217 0.83
218 0.82
219 0.83
220 0.74
221 0.74
222 0.74
223 0.72
224 0.76
225 0.8
226 0.78
227 0.71
228 0.86
229 0.72
230 0.74
231 0.76
232 0.82
233 0.73
234 0.8
235 0.91
236 0.84
237 0.67
238 0.64
239 0.7
240 0.65
241 0.79
242 0.8
243 0.8
244 0.82
245 0.87
246 0.82
247 0.64
248 0.53
249 0.7
250 0.72
251 0.78
252 0.85
253 0.89
254 0.85
255 0.86
256 0.91
257 0.78
258 0.66
259 0.86
260 0.56
261 0.79
262 0.8
263 0.77
264 0.66
265 0.79
266 0.82
267 0.8
268 0.83
269 0.78
270 0.8
271 0.84
272 0.8
273 0.7
274 0.77
275 0.8
276 0.68
277 0.74
278 0.78
279 0.74
280 0.7
281 0.73
282 0.67
283 0.88
284 0.86
285 0.82
286 0.8
287 0.75
288 0.76
289 0.8
290 0.69
291 0.85
292 0.88
293 0.83
294 0.75
295 0.8
296 0.67
297 0.72
298 0.7
299 0.87
300 0.7
301 0.77
302 0.7
303 0.7
304 0.94
305 0.84
306 0.89
307 0.7
308 0.73
309 0.83
310 0.69
311 0.85
312 0.79
313 0.8
314 0.79
315 0.74
316 0.88
317 0.69
318 0.72
319 0.66
320 0.66
321 0.76
322 0.61
323 0.67
324 0.57
325 0.53
326 0.69
327 0.79
328 0.87
329 0.85
330 0.78
331 0.74
332 0.71
333 0.88
334 0.76
335 0.66
336 0.65
337 0.83
338 0.59
339 0.66
340 0.72
341 0.71
342 0.57
343 0.68
344 0.73
345 0.84
346 0.75
347 0.82
348 0.75
349 0.66
350 0.79
351 0.85
352 0.83
353 0.84
354 0.74
355 0.83
356 0.58
357 0.81
358 0.82
359 0.76
360 0.75
361 0.61
362 0.65
363 0.82
364 0.64
365 0.56
366 0.63
367 0.55
368 0.71
369 0.77
370 0.75
371 0.63
372 0.7
373 0.72
374 0.89
375 0.76
376 0.71
377 0.65
378 0.68
379 0.8
380 0.75
381 0.75
382 0.64
383 0.74
384 0.71
385 0.83
386 0.91
387 0.83
388 0.85
389 0.76
390 0.68
391 0.74
392 0.64
393 0.79
394 0.76
395 0.74
396 0.69
397 0.71
398 0.73
399 0.67
400 0.62
401 0.61
402 0.79
403 0.7
404 0.8
405 0.8
406 0.72
407 0.69
408 0.83
409 0.77
410 0.69
411 0.59
412 0.72
413 0.68
414 0.67
415 0.72
416 0.73
417 0.89
418 0.82
419 0.66
420 0.79
421 0.74
422 0.85
423 0.78
424 0.84
425 0.79
426 0.64
427 0.55
428 0.73
429 0.9
430 0.82
431 0.82
432 0.61
433 0.69
434 0.77
435 0.81
436 0.59
437 0.73
438 0.7
439 0.72
440 0.81
441 0.88
442 0.78
443 0.7
444 0.79
445 0.74
446 0.87
447 0.76
448 0.83
449 0.81
450 0.8
451 0.77
452 0.68
453 0.57
454 0.63
455 0.74
456 0.79
457 0.59
458 0.87
459 0.68
460 0.66
461 0.77
462 0.71
463 0.71
464 0.73
465 0.72
466 0.64
467 0.76
468 0.81
469 0.72
470 0.7
471 0.89
472 0.72
473 0.68
474 0.75
475 0.73
476 0.83
477 0.73
478 0.74
479 0.63
480 0.8
481 0.92
482 0.81
483 0.77
484 0.85
485 0.61
486 0.72
487 0.78
488 0.53
489 0.84
490 0.68
491 0.75
492 0.68
493 0.67
494 0.74
495 0.6
496 0.75
497 0.83
