1 0.46
2 0.8
3 0.78
4 0.68
5 0.68
6 0.74
7 0.8
8 0.8
9 0.75
10 0.74
11 0.62
12 0.71
13 0.74
14 0.79
15 0.49
16 0.58
17 0.67
18 0.76
19 0.67
20 0.61
21 0.71
22 0.76
23 0.86
24 0.7
25 0.65
26 0.83
27 0.83
28 0.76
29 0.75
30 0.67
31 0.68
32 0.59
33 0.61
34 0.67
35 0.43
36 0.76
37 0.69
38 0.75
39 0.83
40 0.45
41 0.59
42 0.63
43 0.68
44 0.89
45 0.83
46 0.66
47 0.8
48 0.73
49 0.91
50 0.79
51 0.7
52 0.71
53 0.55
54 0.73
55 0.68
56 0.93
57 0.84
58 0.94
59 0.74
60 0.67
61 0.42
62 0.71
63 0.77
64 0.76
65 0.89
66 0.82
67 0.8
68 0.86
69 0.87
70 0.7
71 0.86
72 0.77
73 0.63
74 0.74
75 0.68
76 0.77
77 0.86
78 0.82
79 0.8
80 0.69
81 0.79
82 0.91
83 0.92
84 0.87
85 0.72
86 0.82
87 0.74
88 0.79
89 0.82
90 0.69
91 0.77
92 0.8
93 0.84
94 0.85
95 0.77
96 0.68
97 0.64
98 0.93
99 0.81
100 0.74
101 0.76
102 0.63
103 0.85
104 0.81
105 0.55
106 0.7
107 0.71
108 0.67
109 0.9
110 0.71
111 0.63
112 0.71
113 0.74
114 0.87
115 0.85
116 0.89
117 0.87
118 0.9
119 0.82
120 0.88
121 0.77
122 0.81
123 0.72
124 0.84
125 0.82
126 0.8
127 0.9
128 0.69
129 0.69
130 0.8
131 0.89
132 0.89
133 0.84
134 0.88
135 0.89
136 0.83
137 0.75
138 0.83
139 0.8
140 0.61
141 0.94
142 0.77
143 0.86
144 0.83
145 0.78
146 0.83
147 0.77
148 0.85
149 0.8
150 0.86
151 0.69
152 0.86
153 0.87
154 0.87
155 0.85
156 0.77
157 0.85
158 0.66
159 0.63
160 0.68
161 0.8
162 0.73
163 0.7
164 0.81
165 0.83
166 0.9
167 0.88
168 0.77
169 0.8
170 0.61
171 0.62
172 0.6
173 0.8
174 0.65
175 0.66
176 0.8
177 0.88
178 0.75
179 0.8
180 0.86
181 0.82
182 0.79
183 0.81
184 0.86
185 0.69
186 0.72
187 0.84
188 0.6
189 0.62
190 0.72
191 0.88
192 0.8
193 0.82
194 0.8
195 0.83
196 0.9
197 0.81
198 0.72
199 0.74
200 0.8
201 0.88
202 0.81
203 0.74
204 0.71
205 0.69
206 0.77
207 0.75
208 0.84
209 0.81
210 0.82
211 0.83
212 0.9
213 0.82
214 0.74
215 0.77
216 0.82
217 0.8
218 0.88
219 0.78
220 0.82
221 0.68
222 0.69
223 0.39
224 0.57
225 0.8
226 0.87
227 0.77
228 0.76
229 0.87
230 0.77
231 0.7
232 0.79
233 0.7
234 0.77
235 0.77
236 0.59
237 0.85
238 0.85
239 0.83
240 0.79
241 0.85
242 0.77
243 0.53
244 0.77
245 0.81
246 0.77
247 0.84
248 0.84
249 0.78
250 0.74
251 0.54
252 0.73
253 0.36
254 0.46
255 0.75
256 0.76
257 0.83
258 0.76
259 0.92
260 0.9
261 0.58
262 0.73
263 0.86
264 0.92
265 0.8
266 0.82
267 0.89
268 0.74
269 0.82
270 0.76
271 0.77
272 0.72
273 0.71
274 0.63
275 0.77
276 0.84
277 0.75
278 0.77
279 0.51
280 0.51
281 0.63
282 0.87
283 0.77
284 0.59
285 0.77
286 0.67
287 0.67
288 0.82
289 0.73
290 0.79
291 0.88
292 0.87
293 0.86
294 0.9
295 0.69
296 0.72
297 0.7
298 0.79
299 0.81
300 0.82
301 0.72
302 0.89
303 0.76
304 0.69
305 0.91
306 0.83
307 0.75
308 0.92
309 0.91
310 0.92
311 0.9
312 0.91
313 0.81
314 0.83
315 0.72
316 0.78
317 0.7
318 0.65
319 0.77
320 0.8
321 0.7
322 0.73
323 0.87
324 0.76
325 0.65
326 0.79
327 0.91
328 0.91
329 0.76
330 0.78
331 0.77
332 0.67
333 0.86
334 0.73
335 0.8
336 0.76
337 0.87
338 0.77
339 0.71
340 0.84
341 0.47
342 0.58
343 0.73
344 0.76
345 0.53
346 0.83
347 0.65
348 0.82
349 0.8
350 0.65
351 0.7
352 0.75
353 0.84
354 0.8
355 0.86
356 0.82
357 0.85
358 0.79
359 0.74
360 0.82
361 0.86
362 0.87
363 0.79
364 0.93
365 0.86
366 0.9
367 0.72
368 0.77
369 0.79
370 0.69
371 0.72
372 0.89
373 0.85
374 0.83
375 0.74
376 0.63
377 0.66
378 0.74
379 0.72
380 0.72
381 0.74
382 0.69
383 0.67
384 0.71
385 0.64
386 0.65
387 0.84
388 0.8
389 0.76
390 0.79
391 0.78
392 0.63
393 0.61
394 0.51
395 0.72
396 0.83
397 0.68
398 0.64
399 0.66
400 0.69
401 0.72
402 0.62
403 0.58
404 0.57
405 0.78
406 0.84
407 0.82
408 0.83
409 0.65
410 0.74
411 0.82
412 0.83
413 0.87
414 0.89
415 0.85
416 0.92
417 0.76
418 0.75
419 0.7
420 0.81
421 0.81
422 0.77
423 0.52
424 0.35
425 0.79
426 0.65
427 0.59
428 0.51
429 0.49
430 0.81
431 0.83
432 0.78
433 0.7
434 0.74
435 0.68
436 0.54
437 0.81
438 0.6
439 0.67
440 0.77
441 0.43
442 0.71
443 0.85
444 0.92
445 0.65
446 0.72
447 0.78
448 0.68
449 0.61
450 0.4
451 0.77
452 0.84
453 0.71
454 0.78
455 0.68
456 0.52
457 0.56
458 0.61
459 0.82
460 0.73
461 0.82
462 0.85
463 0.84
464 0.78
465 0.82
466 0.73
467 0.65
468 0.85
469 0.8
470 0.79
471 0.9
472 0.56
473 0.8
474 0.88
475 0.8
476 0.81
477 0.85
478 0.72
479 0.85
480 0.78
481 0.64
482 0.71
483 0.85
484 0.75
485 0.67
486 0.69
487 0.87
488 0.86
489 0.81
490 0.84
491 0.85
492 0.9
493 0.88
494 0.76
495 0.85
496 0.9
497 0.88
498 0.84
499 0.85
500 0.79
