1 0.72
2 0.82
3 0.77
4 0.76
5 0.8
6 0.79
7 0.74
8 0.74
9 0.73
10 0.8
11 0.85
12 0.69
13 0.73
14 0.77
15 0.74
16 0.78
17 0.74
18 0.72
19 0.72
20 0.78
21 0.91
22 0.76
23 0.78
24 0.76
25 0.83
26 0.83
27 0.84
28 0.87
29 0.84
30 0.81
31 0.74
32 0.72
33 0.74
34 0.73
35 0.78
36 0.76
37 0.76
38 0.79
39 0.78
40 0.7
41 0.83
42 0.83
43 0.87
44 0.77
45 0.89
46 0.8
47 0.72
48 0.89
49 0.74
50 0.72
51 0.69
52 0.77
53 0.9
54 0.8
55 0.81
56 0.85
57 0.84
58 0.79
59 0.86
60 0.81
61 0.75
62 0.89
63 0.83
64 0.83
65 0.77
66 0.87
67 0.81
68 0.83
69 0.79
70 0.87
71 0.82
72 0.85
73 0.8
74 0.83
75 0.76
76 0.8
77 0.78
78 0.76
79 0.71
80 0.82
81 0.72
82 0.76
83 0.71
84 0.85
85 0.79
86 0.84
87 0.81
88 0.83
89 0.83
90 0.84
91 0.87
92 0.73
93 0.74
94 0.71
95 0.77
96 0.79
97 0.89
98 0.81
99 0.79
100 0.84
101 0.85
102 0.74
103 0.79
104 0.75
105 0.77
106 0.79
107 0.76
108 0.86
109 0.77
110 0.8
111 0.71
112 0.75
113 0.86
114 0.82
115 0.78
116 0.85
117 0.78
118 0.84
119 0.71
120 0.86
121 0.85
122 0.75
123 0.85
124 0.76
125 0.75
126 0.82
127 0.86
128 0.71
129 0.74
130 0.8
131 0.75
132 0.85
133 0.87
134 0.81
135 0.83
136 0.67
137 0.76
138 0.83
139 0.86
140 0.71
141 0.77
142 0.77
143 0.7
144 0.79
145 0.73
146 0.81
147 0.88
148 0.82
149 0.8
150 0.78
151 0.82
152 0.76
153 0.74
154 0.71
155 0.79
156 0.78
157 0.81
158 0.77
159 0.79
160 0.81
161 0.83
162 0.82
163 0.79
164 0.77
165 0.8
166 0.81
167 0.87
168 0.83
169 0.79
170 0.86
171 0.67
172 0.77
173 0.7
174 0.82
175 0.73
176 0.84
177 0.83
178 0.76
179 0.89
180 0.8
181 0.69
182 0.77
183 0.74
184 0.72
185 0.77
186 0.79
187 0.79
188 0.84
189 0.69
190 0.74
191 0.76
192 0.86
193 0.91
194 0.8
195 0.78
196 0.7
197 0.82
198 0.81
199 0.73
200 0.79
201 0.67
202 0.85
203 0.81
204 0.85
205 0.78
206 0.68
207 0.76
208 0.79
209 0.72
210 0.77
211 0.8
212 0.76
213 0.86
214 0.72
215 0.74
216 0.81
217 0.73
218 0.83
219 0.8
220 0.77
221 0.85
222 0.82
223 0.84
224 0.79
225 0.83
226 0.88
227 0.7
228 0.8
229 0.78
230 0.81
231 0.81
232 0.8
233 0.81
234 0.72
235 0.72
236 0.86
237 0.76
238 0.8
239 0.82
240 0.75
241 0.76
242 0.83
243 0.82
244 0.83
245 0.85
246 0.74
247 0.71
248 0.77
249 0.76
250 0.78
251 0.83
252 0.85
253 0.8
254 0.83
255 0.73
256 0.78
257 0.66
258 0.83
259 0.82
260 0.75
261 0.75
262 0.88
263 0.78
264 0.75
265 0.85
266 0.87
267 0.69
268 0.79
269 0.69
270 0.76
271 0.82
272 0.85
273 0.81
274 0.8
275 0.77
276 0.81
277 0.73
278 0.77
279 0.92
280 0.74
281 0.75
282 0.78
283 0.79
284 0.83
285 0.85
286 0.77
287 0.85
288 0.85
289 0.83
290 0.79
291 0.85
292 0.85
293 0.83
294 0.79
295 0.79
296 0.78
297 0.81
298 0.76
299 0.88
300 0.9
301 0.79
302 0.79
303 0.85
304 0.86
305 0.83
306 0.8
307 0.81
308 0.77
309 0.7
310 0.85
311 0.8
312 0.84
313 0.75
314 0.73
315 0.83
316 0.86
317 0.81
318 0.77
319 0.82
320 0.84
321 0.8
322 0.76
323 0.78
324 0.87
325 0.84
326 0.8
327 0.73
328 0.75
329 0.83
330 0.81
331 0.72
332 0.81
333 0.82
334 0.78
335 0.76
336 0.89
337 0.85
338 0.8
339 0.74
340 0.86
341 0.86
342 0.8
343 0.84
344 0.78
345 0.79
346 0.76
347 0.85
348 0.81
349 0.74
350 0.71
351 0.79
352 0.83
353 0.79
354 0.7
355 0.78
356 0.84
357 0.73
358 0.79
359 0.73
360 0.85
361 0.78
362 0.78
363 0.81
364 0.75
365 0.83
366 0.88
367 0.75
368 0.8
369 0.79
370 0.74
371 0.83
372 0.8
373 0.8
374 0.82
375 0.89
376 0.78
377 0.8
378 0.77
379 0.85
380 0.84
381 0.8
382 0.82
383 0.75
384 0.82
385 0.78
386 0.81
387 0.8
388 0.83
389 0.77
390 0.73
391 0.75
392 0.84
393 0.71
394 0.76
395 0.9
396 0.88
397 0.86
398 0.86
399 0.79
400 0.85
401 0.83
402 0.77
403 0.89
404 0.74
405 0.76
406 0.79
407 0.81
408 0.84
409 0.81
410 0.76
411 0.84
412 0.8
413 0.78
414 0.86
415 0.86
416 0.75
417 0.78
418 0.81
419 0.82
420 0.82
421 0.72
422 0.82
423 0.76
424 0.75
425 0.87
426 0.74
427 0.73
428 0.69
429 0.85
430 0.88
431 0.76
432 0.85
433 0.8
434 0.87
435 0.8
436 0.75
437 0.77
438 0.79
439 0.72
440 0.82
441 0.79
442 0.78
443 0.81
444 0.79
445 0.8
446 0.81
447 0.83
448 0.8
449 0.77
450 0.75
451 0.75
452 0.86
453 0.79
454 0.83
455 0.72
456 0.86
457 0.84
458 0.77
459 0.79
460 0.81
461 0.83
462 0.75
463 0.8
464 0.79
465 0.8
466 0.84
467 0.88
468 0.78
469 0.84
470 0.85
471 0.78
472 0.76
473 0.76
474 0.8
475 0.78
476 0.8
477 0.76
478 0.86
479 0.71
480 0.8
481 0.78
482 0.78
483 0.83
484 0.81
485 0.84
486 0.8
487 0.78
488 0.85
489 0.66
490 0.75
491 0.81
492 0.81
493 0.78
494 0.81
495 0.84
496 0.73
497 0.8
498 0.81
499 0.83
500 0.78
