1 0.8
2 0.83
3 0.78
4 0.88
5 0.81
6 0.8
7 0.8
8 0.89
9 0.84
10 0.82
11 0.84
12 0.79
13 0.81
14 0.83
15 0.86
16 0.75
17 0.82
18 0.85
19 0.82
20 0.82
21 0.82
22 0.82
23 0.77
24 0.84
25 0.83
26 0.84
27 0.82
28 0.89
29 0.87
30 0.83
31 0.83
32 0.88
33 0.8
34 0.83
35 0.88
36 0.86
37 0.82
38 0.83
39 0.9
40 0.86
41 0.87
42 0.8
43 0.89
44 0.81
45 0.83
46 0.89
47 0.8
48 0.82
49 0.88
50 0.82
51 0.85
52 0.76
53 0.86
54 0.83
55 0.88
56 0.83
57 0.86
58 0.84
59 0.77
60 0.84
61 0.8
62 0.78
63 0.79
64 0.89
65 0.79
66 0.84
67 0.85
68 0.78
69 0.84
70 0.81
71 0.76
72 0.76
73 0.81
74 0.84
75 0.89
76 0.88
77 0.82
78 0.84
79 0.79
80 0.77
81 0.85
82 0.86
83 0.88
84 0.85
85 0.92
86 0.85
87 0.88
88 0.85
89 0.82
90 0.82
91 0.85
92 0.88
93 0.77
94 0.88
95 0.85
96 0.88
97 0.8
98 0.84
99 0.81
100 0.8
101 0.78
102 0.78
103 0.87
104 0.79
105 0.91
106 0.8
107 0.78
108 0.82
109 0.88
110 0.77
111 0.83
112 0.9
113 0.76
114 0.82
115 0.78
116 0.82
117 0.84
118 0.84
119 0.87
120 0.8
121 0.84
122 0.81
123 0.81
124 0.81
125 0.88
126 0.86
127 0.82
128 0.84
129 0.83
130 0.78
131 0.79
132 0.81
133 0.84
134 0.82
135 0.79
136 0.87
137 0.86
138 0.84
139 0.82
140 0.84
141 0.8
142 0.84
143 0.8
144 0.88
145 0.84
146 0.81
147 0.81
148 0.85
149 0.8
150 0.81
151 0.81
152 0.83
153 0.82
154 0.91
155 0.76
156 0.79
157 0.8
158 0.83
159 0.75
160 0.88
161 0.89
162 0.9
163 0.8
164 0.77
165 0.86
166 0.78
167 0.87
168 0.9
169 0.82
170 0.82
171 0.82
172 0.81
173 0.82
174 0.81
175 0.83
176 0.81
177 0.83
178 0.83
179 0.83
180 0.81
181 0.89
182 0.89
183 0.84
184 0.88
185 0.76
186 0.82
187 0.85
188 0.82
189 0.89
190 0.82
191 0.83
192 0.8
193 0.8
194 0.83
195 0.79
196 0.75
197 0.86
198 0.79
199 0.85
200 0.83
201 0.8
202 0.82
203 0.89
204 0.81
205 0.87
206 0.82
207 0.75
208 0.81
209 0.81
210 0.84
211 0.83
212 0.84
213 0.88
214 0.84
215 0.8
216 0.9
217 0.79
218 0.89
219 0.89
220 0.79
221 0.85
222 0.84
223 0.82
224 0.9
225 0.83
226 0.86
227 0.82
228 0.89
229 0.78
230 0.87
231 0.86
232 0.81
233 0.83
234 0.87
235 0.84
236 0.74
237 0.84
238 0.88
239 0.85
240 0.84
241 0.91
242 0.84
243 0.88
244 0.82
245 0.82
246 0.86
247 0.86
248 0.86
249 0.89
250 0.84
251 0.88
252 0.85
253 0.86
254 0.9
255 0.83
256 0.84
257 0.82
258 0.8
259 0.75
260 0.79
261 0.86
262 0.78
263 0.83
264 0.87
265 0.89
266 0.85
267 0.86
268 0.87
269 0.83
270 0.82
271 0.86
272 0.83
273 0.79
274 0.82
275 0.85
276 0.86
277 0.89
278 0.85
279 0.85
280 0.86
281 0.87
282 0.88
283 0.88
284 0.74
285 0.83
286 0.87
287 0.82
288 0.75
289 0.75
290 0.87
291 0.83
292 0.86
293 0.74
294 0.85
295 0.82
296 0.81
297 0.81
298 0.84
299 0.92
300 0.84
301 0.82
302 0.86
303 0.75
304 0.82
305 0.81
306 0.86
307 0.85
308 0.86
309 0.82
310 0.79
311 0.74
312 0.79
313 0.91
314 0.84
315 0.88
316 0.86
317 0.89
318 0.85
319 0.86
320 0.82
321 0.85
322 0.87
323 0.88
324 0.82
325 0.8
326 0.8
327 0.83
328 0.9
329 0.79
330 0.79
331 0.88
332 0.78
333 0.89
334 0.84
335 0.89
336 0.88
337 0.77
338 0.84
339 0.76
340 0.9
341 0.84
342 0.81
343 0.81
344 0.83
345 0.83
346 0.83
347 0.88
348 0.81
349 0.8
350 0.88
351 0.83
352 0.84
353 0.8
354 0.81
355 0.8
356 0.84
357 0.79
358 0.75
359 0.87
360 0.88
361 0.87
362 0.84
363 0.78
364 0.84
365 0.77
366 0.75
367 0.88
368 0.8
369 0.89
370 0.71
371 0.83
372 0.82
373 0.84
374 0.85
375 0.83
376 0.83
377 0.77
378 0.83
379 0.82
380 0.89
381 0.78
382 0.85
383 0.81
384 0.81
385 0.79
386 0.91
387 0.89
388 0.83
389 0.89
390 0.84
391 0.87
392 0.8
393 0.81
394 0.8
395 0.83
396 0.84
397 0.85
398 0.83
399 0.84
400 0.77
401 0.82
402 0.86
403 0.81
404 0.81
405 0.86
406 0.79
407 0.85
408 0.82
409 0.88
410 0.8
411 0.93
412 0.9
413 0.83
414 0.88
415 0.85
416 0.83
417 0.84
418 0.84
419 0.89
420 0.83
421 0.9
422 0.84
423 0.86
424 0.8
425 0.86
426 0.75
427 0.81
428 0.94
429 0.86
430 0.83
431 0.83
432 0.87
433 0.8
434 0.8
435 0.8
436 0.86
437 0.83
438 0.89
439 0.87
440 0.79
441 0.85
442 0.84
443 0.78
444 0.86
445 0.83
446 0.78
447 0.8
448 0.85
449 0.83
450 0.78
451 0.76
452 0.85
453 0.89
454 0.81
455 0.75
456 0.85
457 0.83
458 0.86
459 0.87
460 0.86
461 0.82
462 0.87
463 0.88
464 0.81
465 0.86
466 0.77
467 0.82
468 0.82
469 0.85
470 0.8
471 0.83
472 0.82
473 0.87
474 0.84
475 0.89
476 0.82
477 0.84
478 0.86
479 0.9
480 0.83
481 0.85
482 0.85
483 0.89
484 0.84
485 0.82
486 0.79
487 0.85
488 0.82
489 0.89
490 0.87
491 0.83
492 0.85
493 0.76
494 0.75
495 0.83
496 0.84
497 0.87
498 0.77
499 0.89
500 0.87
