1 0.08
2 0.09
3 0.18
4 0.3
5 0.39
6 0.62
7 0.5
8 0.51
9 0.66
10 0.59
11 0.42
12 0.48
13 0.77
14 0.67
15 0.47
16 0.69
17 0.8
18 0.71
19 0.58
20 0.68
21 0.71
22 0.71
23 0.89
24 0.71
25 0.6
26 0.52
27 0.73
28 0.73
29 0.67
30 0.77
31 0.73
32 0.81
33 0.81
34 0.76
35 0.87
36 0.76
37 0.72
38 0.77
39 0.66
40 0.76
41 0.73
42 0.85
43 0.61
44 0.75
45 0.52
46 0.7
47 0.61
48 0.73
49 0.7
50 0.69
51 0.6
52 0.69
53 0.74
54 0.7
55 0.75
56 0.63
57 0.55
58 0.61
59 0.56
60 0.74
61 0.61
62 0.75
63 0.55
64 0.69
65 0.59
66 0.65
67 0.84
68 0.74
69 0.77
70 0.82
71 0.83
72 0.81
73 0.84
74 0.75
75 0.6
76 0.65
77 0.67
78 0.63
79 0.72
80 0.79
81 0.94
82 0.87
83 0.74
84 0.84
85 0.71
86 0.74
87 0.76
88 0.68
89 0.7
90 0.74
91 0.61
92 0.8
93 0.74
94 0.67
95 0.43
96 0.83
97 0.62
98 0.75
99 0.54
100 0.64
101 0.71
102 0.59
103 0.81
104 0.88
105 0.73
106 0.86
107 0.72
108 0.88
109 0.8
110 0.88
111 0.8
112 0.64
113 0.62
114 0.69
115 0.76
116 0.42
117 0.64
118 0.72
119 0.75
120 0.76
121 0.79
122 0.73
123 0.86
124 0.77
125 0.73
126 0.71
127 0.76
128 0.59
129 0.82
130 0.79
131 0.76
132 0.74
133 0.83
134 0.8
135 0.75
136 0.73
137 0.7
138 0.62
139 0.7
140 0.75
141 0.86
142 0.78
143 0.79
144 0.67
145 0.85
146 0.85
147 0.64
148 0.57
149 0.69
150 0.72
151 0.58
152 0.59
153 0.54
154 0.4
155 0.66
156 0.8
157 0.87
158 0.91
159 0.83
160 0.88
161 0.95
162 0.73
163 0.77
164 0.68
165 0.81
166 0.7
167 0.71
168 0.84
169 0.67
170 0.53
171 0.56
172 0.51
173 0.71
174 0.75
175 0.74
176 0.74
177 0.74
178 0.73
179 0.82
180 0.72
181 0.77
182 0.84
183 0.57
184 0.7
185 0.68
186 0.65
187 0.84
188 0.67
189 0.71
190 0.74
191 0.76
192 0.66
193 0.74
194 0.83
195 0.79
196 0.86
197 0.81
198 0.67
199 0.67
200 0.48
201 0.58
202 0.58
203 0.67
204 0.76
205 0.63
206 0.71
207 0.63
208 0.78
209 0.78
210 0.73
211 0.74
212 0.78
213 0.81
214 0.86
215 0.75
216 0.49
217 0.74
218 0.69
219 0.7
220 0.65
221 0.71
222 0.69
223 0.76
224 0.64
225 0.75
226 0.75
227 0.78
228 0.75
229 0.75
230 0.74
231 0.81
232 0.78
233 0.72
234 0.75
235 0.84
236 0.77
237 0.79
238 0.74
239 0.81
240 0.89
241 0.83
242 0.78
243 0.65
244 0.79
245 0.77
246 0.75
247 0.81
248 0.79
249 0.8
250 0.79
251 0.65
252 0.6
253 0.58
254 0.74
255 0.64
256 0.69
257 0.7
258 0.7
259 0.73
260 0.68
261 0.73
262 0.65
263 0.54
264 0.66
265 0.6
266 0.54
267 0.54
268 0.83
269 0.78
270 0.75
271 0.68
272 0.49
273 0.69
274 0.68
275 0.66
276 0.83
277 0.81
278 0.72
279 0.64
280 0.63
281 0.69
282 0.71
283 0.72
284 0.69
285 0.57
286 0.68
287 0.73
288 0.81
289 0.66
290 0.79
291 0.8
292 0.74
293 0.66
294 0.76
295 0.76
296 0.68
297 0.64
298 0.77
299 0.96
300 0.93
301 0.86
302 0.81
303 0.62
304 0.45
305 0.32
306 0.61
307 0.58
308 0.69
309 0.56
310 0.39
311 0.19
312 0.58
313 0.66
314 0.44
315 0.55
316 0.72
317 0.55
318 0.63
319 0.65
320 0.72
321 0.51
322 0.57
323 0.69
324 0.64
325 0.34
326 0.23
327 0.58
328 0.53
329 0.72
330 0.53
331 0.78
332 0.74
333 0.65
334 0.64
335 0.68
336 0.73
337 0.84
338 0.59
339 0.54
340 0.43
341 0.57
342 0.49
343 0.74
344 0.77
345 0.62
346 0.72
347 0.6
348 0.64
349 0.75
350 0.76
351 0.82
352 0.8
353 0.78
354 0.7
355 0.77
356 0.83
357 0.77
358 0.6
359 0.84
360 0.82
361 0.83
362 0.75
363 0.79
364 0.83
365 0.68
366 0.73
367 0.66
368 0.61
369 0.67
370 0.63
371 0.67
372 0.74
373 0.59
374 0.66
375 0.62
376 0.48
377 0.77
378 0.61
379 0.75
380 0.79
381 0.73
382 0.6
383 0.6
384 0.62
385 0.59
386 0.6
387 0.55
388 0.65
389 0.52
390 0.6
391 0.79
392 0.6
393 0.53
394 0.29
395 0.67
396 0.61
397 0.61
398 0.53
399 0.64
400 0.56
401 0.63
402 0.41
403 0.44
404 0.44
405 0.57
406 0.54
407 0.64
408 0.45
409 0.66
410 0.64
411 0.47
412 0.79
413 0.77
414 0.8
415 0.75
416 0.74
417 0.6
418 0.66
419 0.75
420 0.77
421 0.8
422 0.85
423 0.88
424 0.79
425 0.73
426 0.83
427 0.72
428 0.76
429 0.74
430 0.69
431 0.77
432 0.83
433 0.75
434 0.8
435 0.61
436 0.68
437 0.71
438 0.76
439 0.76
440 0.69
441 0.78
442 0.85
443 0.75
444 0.58
445 0.54
446 0.84
447 0.81
448 0.68
449 0.82
450 0.86
451 0.85
452 0.84
453 0.68
454 0.54
455 0.41
456 0.54
457 0.61
458 0.56
459 0.47
460 0.63
461 0.58
462 0.73
463 0.64
464 0.72
465 0.77
466 0.78
467 0.75
468 0.75
469 0.75
470 0.67
471 0.69
472 0.69
473 0.73
474 0.66
475 0.7
476 0.65
477 0.69
478 0.75
479 0.79
480 0.54
481 0.69
482 0.61
483 0.75
484 0.89
485 0.78
486 0.62
487 0.67
488 0.76
489 0.57
490 0.5
491 0.47
492 0.71
493 0.6
494 0.7
495 0.57
496 0.79
497 0.75
498 0.78
499 0.85
500 0.91
