1 0.18
2 0.22
3 0.26
4 0.42
5 0.61
6 0.55
7 0.73
8 0.5
9 0.31
10 0.31
11 0.31
12 0.37
13 0.59
14 0.42
15 0.67
16 0.69
17 0.73
18 0.81
19 0.61
20 0.79
21 0.88
22 0.84
23 0.89
24 0.91
25 0.85
26 0.84
27 0.87
28 0.92
29 0.91
30 0.9
31 0.89
32 0.85
33 0.9
34 0.87
35 0.91
36 0.89
37 0.79
38 0.66
39 0.8
40 0.68
41 0.88
42 0.87
43 0.92
44 0.91
45 0.87
46 0.9
47 0.81
48 0.81
49 0.77
50 0.89
51 0.85
52 0.88
53 0.88
54 0.88
55 0.92
56 0.89
57 0.91
58 0.84
59 0.85
60 0.87
61 0.84
62 0.9
63 0.92
64 0.88
65 0.87
66 0.82
67 0.84
68 0.86
69 0.89
70 0.93
71 0.89
72 0.89
73 0.97
74 0.88
75 0.91
76 0.86
77 0.93
78 0.85
79 0.74
80 0.91
81 0.92
82 0.93
83 0.92
84 0.91
85 0.93
86 0.89
87 0.83
88 0.78
89 0.88
90 0.86
91 0.91
92 0.95
93 0.89
94 0.9
95 0.93
96 0.89
97 0.87
98 0.9
99 0.92
100 0.9
101 0.9
102 0.91
103 0.91
104 0.93
105 0.86
106 0.89
107 0.93
108 0.89
109 0.91
110 0.89
111 0.89
112 0.81
113 0.8
114 0.77
115 0.91
116 0.81
117 0.79
118 0.93
119 0.9
120 0.82
121 0.91
122 0.93
123 0.9
124 0.9
125 0.82
126 0.9
127 0.88
128 0.89
129 0.89
130 0.87
131 0.83
132 0.89
133 0.89
134 0.76
135 0.88
136 0.87
137 0.92
138 0.92
139 0.81
140 0.91
141 0.92
142 0.88
143 0.82
144 0.89
145 0.96
146 0.8
147 0.78
148 0.86
149 0.89
150 0.84
151 0.95
152 0.9
153 0.87
154 0.89
155 0.91
156 0.9
157 0.86
158 0.8
159 0.85
160 0.83
161 0.87
162 0.9
163 0.85
164 0.86
165 0.92
166 0.9
167 0.83
168 0.89
169 0.95
170 0.76
171 0.88
172 0.98
173 0.9
174 0.88
175 0.91
176 0.91
177 0.88
178 0.84
179 0.93
180 0.98
181 0.93
182 0.91
183 0.98
184 0.85
185 0.92
186 0.92
187 0.92
188 0.88
189 0.9
190 0.87
191 0.88
192 0.87
193 0.87
194 0.88
195 0.83
196 0.82
197 0.95
198 0.94
199 0.86
200 0.95
201 0.87
202 0.82
203 0.94
204 0.89
205 0.86
206 0.93
207 0.93
208 0.87
209 0.89
210 0.89
211 0.94
212 0.7
213 0.87
214 0.92
215 0.92
216 0.95
217 0.95
218 0.89
219 0.93
220 0.87
221 0.92
222 0.91
223 0.89
224 0.89
225 0.87
226 0.93
227 0.92
228 0.88
229 0.96
230 0.74
231 0.87
232 0.9
233 0.9
234 0.9
235 0.94
236 0.91
237 0.93
238 0.86
239 0.92
240 0.89
241 0.94
242 0.87
243 0.88
244 0.91
245 0.86
246 0.9
247 0.9
248 0.84
249 0.85
250 0.85
251 0.86
252 0.83
253 0.92
254 0.92
255 0.93
256 0.94
257 0.91
258 0.92
259 0.91
260 0.91
261 0.94
262 0.96
263 0.94
264 0.95
265 0.94
266 0.92
267 0.95
268 0.96
269 0.94
270 0.92
271 0.92
272 0.85
273 0.9
274 0.96
275 0.91
276 0.91
277 0.82
278 0.86
279 0.76
280 0.81
281 0.91
282 0.92
283 0.97
284 0.94
285 0.91
286 0.85
287 0.92
288 0.86
289 0.9
290 0.92
291 0.8
292 0.9
293 0.89
294 0.9
295 0.88
296 0.95
297 0.97
298 0.89
299 0.96
300 0.93
301 0.93
302 0.91
303 0.9
304 0.92
305 0.9
306 0.85
307 0.83
308 0.9
309 0.92
310 0.84
311 0.85
312 0.89
313 0.82
314 0.83
315 0.87
316 0.84
317 0.85
318 0.9
319 0.81
320 0.83
321 0.8
322 0.9
323 0.87
324 0.91
325 0.9
326 0.85
327 0.91
328 0.86
329 0.94
330 0.96
331 0.9
332 0.94
333 0.81
334 0.95
335 0.93
336 0.93
337 0.96
338 0.92
339 0.95
340 0.94
341 0.92
342 0.91
343 0.83
344 0.89
345 0.76
346 0.87
347 0.92
348 0.9
349 0.93
350 0.94
351 0.9
352 0.94
353 0.84
354 0.84
355 0.87
356 0.9
357 0.93
358 0.96
359 0.94
360 0.93
361 0.88
362 0.85
363 0.9
364 0.92
365 0.97
366 0.95
367 0.98
368 0.9
369 0.93
370 0.96
371 0.92
372 0.94
373 0.98
374 0.98
375 0.93
376 0.95
377 0.9
378 0.96
379 0.97
380 0.96
381 0.94
382 0.95
383 0.88
384 0.84
385 0.94
386 0.82
387 0.93
388 0.88
389 0.87
390 0.83
391 0.88
392 0.81
393 0.86
394 0.85
395 0.76
396 0.78
397 0.89
398 0.91
399 0.89
400 0.84
401 0.96
402 0.94
403 0.87
404 0.92
405 0.91
406 0.92
407 0.94
408 0.88
409 0.91
410 0.9
411 0.92
412 0.95
413 0.91
414 0.88
415 0.9
416 0.85
417 0.92
418 0.93
419 0.91
420 0.93
421 0.91
422 0.9
423 0.9
424 0.9
425 0.89
426 0.9
427 0.88
428 0.91
429 0.9
430 0.86
431 0.81
432 0.81
433 0.82
434 0.89
435 0.85
436 0.87
437 0.8
438 0.86
439 0.7
440 0.92
441 0.91
442 0.82
443 0.9
444 0.81
445 0.91
446 0.8
447 0.87
448 0.9
449 0.89
450 0.89
451 0.88
452 0.91
453 0.85
454 0.75
455 0.81
456 0.85
457 0.86
458 0.91
459 0.87
460 0.81
461 0.81
462 0.87
463 0.85
464 0.89
465 0.93
466 0.93
467 0.93
468 0.96
469 0.88
470 0.9
471 0.89
472 0.96
473 0.87
474 0.9
475 0.89
476 0.92
477 0.93
478 0.97
479 0.93
480 0.92
481 0.91
482 0.94
483 0.93
484 0.93
485 0.89
486 0.92
487 0.79
488 0.9
489 0.89
490 0.85
491 0.9
492 0.89
493 0.91
494 0.76
495 0.86
496 0.8
497 0.78
498 0.76
499 0.79
500 0.87
501 0.91
